<?xml version="1.0" encoding="UTF-8"?>
<testng-results ignored="0" total="1" passed="1" failed="0" skipped="0">
  <reporter-output>
  </reporter-output>
  <suite started-at="2023-02-10T11:43:43 WIB" name="Default suite" finished-at="2023-02-10T11:43:53 WIB" duration-ms="9607">
    <groups>
    </groups>
    <test started-at="2023-02-10T11:43:43 WIB" name="Default test" finished-at="2023-02-10T11:43:53 WIB" duration-ms="9607">
      <class name="jaklabs.qaautomation2022.assignment2.WebTestUsingBasedWebTest">
        <test-method is-config="true" signature="setUp()[pri:0, instance:jaklabs.qaautomation2022.assignment2.WebTestUsingBasedWebTest@201a4587]" started-at="2023-02-10T11:43:43 WIB" name="setUp" finished-at="2023-02-10T11:43:51 WIB" duration-ms="8069" status="PASS">
          <reporter-output>
          </reporter-output>
        </test-method> <!-- setUp -->
        <test-method signature="testSwitchIframe()[pri:0, instance:jaklabs.qaautomation2022.assignment2.WebTestUsingBasedWebTest@201a4587]" started-at="2023-02-10T11:43:51 WIB" name="testSwitchIframe" finished-at="2023-02-10T11:43:53 WIB" duration-ms="1397" status="PASS">
          <reporter-output>
          </reporter-output>
        </test-method> <!-- testSwitchIframe -->
        <test-method is-config="true" signature="tearDown()[pri:0, instance:jaklabs.qaautomation2022.assignment2.WebTestUsingBasedWebTest@201a4587]" started-at="2023-02-10T11:43:53 WIB" name="tearDown" finished-at="2023-02-10T11:43:53 WIB" duration-ms="87" status="PASS">
          <reporter-output>
          </reporter-output>
        </test-method> <!-- tearDown -->
      </class> <!-- jaklabs.qaautomation2022.assignment2.WebTestUsingBasedWebTest -->
    </test> <!-- Default test -->
  </suite> <!-- Default suite -->
</testng-results>
