<?xml version="1.0" encoding="UTF-8"?>
<testng-results ignored="0" total="1" passed="1" failed="0" skipped="0">
  <reporter-output>
  </reporter-output>
  <suite started-at="2023-02-09T11:45:45 WIB" name="Default suite" finished-at="2023-02-09T11:45:48 WIB" duration-ms="3078">
    <groups>
    </groups>
    <test started-at="2023-02-09T11:45:45 WIB" name="Default test" finished-at="2023-02-09T11:45:48 WIB" duration-ms="3078">
      <class name="jaklabs.qaautomation2022.assignment2.WebTestUsingBasedWebTest">
        <test-method is-config="true" signature="setUp()[pri:0, instance:jaklabs.qaautomation2022.assignment2.WebTestUsingBasedWebTest@4b8ee4de]" started-at="2023-02-09T11:45:45 WIB" name="setUp" finished-at="2023-02-09T11:45:48 WIB" duration-ms="2550" status="PASS">
          <reporter-output>
          </reporter-output>
        </test-method> <!-- setUp -->
        <test-method signature="testFinishTransaction()[pri:0, instance:jaklabs.qaautomation2022.assignment2.WebTestUsingBasedWebTest@4b8ee4de]" started-at="2023-02-09T11:45:48 WIB" name="testFinishTransaction" finished-at="2023-02-09T11:45:48 WIB" duration-ms="399" status="PASS">
          <reporter-output>
          </reporter-output>
        </test-method> <!-- testFinishTransaction -->
        <test-method is-config="true" signature="tearDown()[pri:0, instance:jaklabs.qaautomation2022.assignment2.WebTestUsingBasedWebTest@4b8ee4de]" started-at="2023-02-09T11:45:48 WIB" name="tearDown" finished-at="2023-02-09T11:45:48 WIB" duration-ms="75" status="PASS">
          <reporter-output>
          </reporter-output>
        </test-method> <!-- tearDown -->
      </class> <!-- jaklabs.qaautomation2022.assignment2.WebTestUsingBasedWebTest -->
    </test> <!-- Default test -->
  </suite> <!-- Default suite -->
</testng-results>
