<?xml version="1.0" encoding="UTF-8"?>
<testng-results ignored="0" total="1" passed="1" failed="0" skipped="0">
  <reporter-output>
  </reporter-output>
  <suite started-at="2023-02-10T11:42:51 WIB" name="Default suite" finished-at="2023-02-10T11:42:54 WIB" duration-ms="2605">
    <groups>
    </groups>
    <test started-at="2023-02-10T11:42:51 WIB" name="Default test" finished-at="2023-02-10T11:42:54 WIB" duration-ms="2605">
      <class name="jaklabs.qaautomation2022.assignment2.WebTestUsingBasedWebTest">
        <test-method is-config="true" signature="setUp()[pri:0, instance:jaklabs.qaautomation2022.assignment2.WebTestUsingBasedWebTest@61001b64]" started-at="2023-02-10T11:42:51 WIB" name="setUp" finished-at="2023-02-10T11:42:53 WIB" duration-ms="2078" status="PASS">
          <reporter-output>
          </reporter-output>
        </test-method> <!-- setUp -->
        <test-method signature="testFinishTransaction()[pri:0, instance:jaklabs.qaautomation2022.assignment2.WebTestUsingBasedWebTest@61001b64]" started-at="2023-02-10T11:42:53 WIB" name="testFinishTransaction" finished-at="2023-02-10T11:42:54 WIB" duration-ms="398" status="PASS">
          <reporter-output>
          </reporter-output>
        </test-method> <!-- testFinishTransaction -->
        <test-method is-config="true" signature="tearDown()[pri:0, instance:jaklabs.qaautomation2022.assignment2.WebTestUsingBasedWebTest@61001b64]" started-at="2023-02-10T11:42:54 WIB" name="tearDown" finished-at="2023-02-10T11:42:54 WIB" duration-ms="74" status="PASS">
          <reporter-output>
          </reporter-output>
        </test-method> <!-- tearDown -->
      </class> <!-- jaklabs.qaautomation2022.assignment2.WebTestUsingBasedWebTest -->
    </test> <!-- Default test -->
  </suite> <!-- Default suite -->
</testng-results>
