<?xml version="1.0" encoding="UTF-8"?>
<testng-results ignored="0" total="1" passed="1" failed="0" skipped="0">
  <reporter-output>
  </reporter-output>
  <suite started-at="2023-02-12T11:57:35 WIB" name="Default suite" finished-at="2023-02-12T11:57:39 WIB" duration-ms="4203">
    <groups>
    </groups>
    <test started-at="2023-02-12T11:57:35 WIB" name="Default test" finished-at="2023-02-12T11:57:39 WIB" duration-ms="4203">
      <class name="qaautomation.december2022.api.APITest">
        <test-method signature="signUp()[pri:0, instance:qaautomation.december2022.api.APITest@e362c57]" started-at="2023-02-12T11:57:35 WIB" name="signUp" finished-at="2023-02-12T11:57:39 WIB" duration-ms="4162" status="PASS">
          <reporter-output>
          </reporter-output>
        </test-method> <!-- signUp -->
      </class> <!-- qaautomation.december2022.api.APITest -->
    </test> <!-- Default test -->
  </suite> <!-- Default suite -->
</testng-results>
