<?xml version="1.0" encoding="UTF-8"?>
<!-- Generated by org.testng.reporters.JUnitXMLReporter -->
<testsuite ignored="0" hostname="ilham-MacBook-Pro.local" failures="0" tests="3" name="Test" time="33.753" errors="0" timestamp="2022-12-18T09:47:35 WIB">
  <testcase classname="qaautomation.december2022.WebTestUsingThreadLocalParalel" name="testWrongPassword" time="6.066"/>
  <testcase classname="qaautomation.december2022.WebTestUsingThreadLocalParalel" name="testSuccessLogin" time="6.832"/>
  <testcase classname="qaautomation.december2022.WebTestUsingThreadLocalParalel" name="testWrongUsername" time="6.042"/>
</testsuite> <!-- Test -->
