<?xml version="1.0" encoding="UTF-8"?>
<!-- Generated by org.testng.reporters.JUnitXMLReporter -->
<testsuite ignored="0" hostname="Yoshuas-MacBook-Pro.local" failures="0" tests="4" name="Test" time="4.627" errors="0" timestamp="2023-02-04T16:30:52 WIB">
  <testcase classname="qaautomation.december2022.WebTestUsingBasedWebTest" name="testFailedLoginWithoutPassword" time="0.196"/>
  <testcase classname="qaautomation.december2022.WebTestUsingBasedWebTest" name="testFailedLogin" time="0.276"/>
  <testcase classname="qaautomation.december2022.WebTestUsingBasedWebTest" name="testSuccessLogin" time="0.227"/>
  <testcase classname="qaautomation.december2022.WebTestUsingBasedWebTest" name="testFailedLoginWithoutUsername" time="0.185"/>
</testsuite> <!-- Test -->
